<?xml version="1.0" encoding="UTF-8"?>
<robot generator="Robot 7.4.2 (Python 3.10.0 on win32)" generated="2026-03-28T12:40:38.639199" rpa="false" schemaversion="5">
<suite id="s1" name="Js Executor" source="C:\Users\Pranjal Ameta\OneDrive\Desktop\Selenium&amp;Robot\Projects\Day12(28March)\js_executor.robot">
<test id="s1-t1" name="handling js" line="8">
<kw name="Open Browser" owner="SeleniumLibrary">
<msg time="2026-03-28T12:40:39.037394" level="INFO">Opening browser 'chrome' to base url 'https://inc.in/'.</msg>
<arg>${url}</arg>
<arg>chrome</arg>
<doc>Opens a new browser instance to the optional ``url``.</doc>
<status status="PASS" start="2026-03-28T12:40:39.036396" elapsed="13.378500"/>
</kw>
<kw name="Maximize Browser Window" owner="SeleniumLibrary">
<doc>Maximizes current browser window.</doc>
<status status="PASS" start="2026-03-28T12:40:52.415905" elapsed="0.187179"/>
</kw>
<kw name="Sleep" owner="BuiltIn">
<msg time="2026-03-28T12:40:54.607603" level="INFO">Slept 2 seconds.</msg>
<arg>2s</arg>
<doc>Pauses the test executed for the given time.</doc>
<status status="PASS" start="2026-03-28T12:40:52.604075" elapsed="2.003528"/>
</kw>
<kw name="Execute Javascript" owner="SeleniumLibrary">
<msg time="2026-03-28T12:40:54.609607" level="INFO">Executing JavaScript:
window.scrollTo(0,document.body.scrollHeight);
Without any arguments.</msg>
<arg>window.scrollTo(0,document.body.scrollHeight);</arg>
<doc>Executes the given JavaScript code with possible arguments.</doc>
<status status="PASS" start="2026-03-28T12:40:54.608607" elapsed="0.027007"/>
</kw>
<kw name="Sleep" owner="BuiltIn">
<msg time="2026-03-28T12:40:56.649390" level="INFO">Slept 2 seconds.</msg>
<arg>2s</arg>
<doc>Pauses the test executed for the given time.</doc>
<status status="PASS" start="2026-03-28T12:40:54.636608" elapsed="2.012782"/>
</kw>
<kw name="Execute Javascript" owner="SeleniumLibrary">
<msg time="2026-03-28T12:40:56.650118" level="INFO">Executing JavaScript:
window.scrollTo(0,0);
Without any arguments.</msg>
<arg>window.scrollTo(0,0);</arg>
<doc>Executes the given JavaScript code with possible arguments.</doc>
<status status="PASS" start="2026-03-28T12:40:56.650118" elapsed="0.010520"/>
</kw>
<kw name="Sleep" owner="BuiltIn">
<msg time="2026-03-28T12:40:58.672925" level="INFO">Slept 2 seconds.</msg>
<arg>2s</arg>
<doc>Pauses the test executed for the given time.</doc>
<status status="PASS" start="2026-03-28T12:40:56.661636" elapsed="2.011289"/>
</kw>
<kw name="Execute Javascript" owner="SeleniumLibrary">
<msg time="2026-03-28T12:40:58.673941" level="INFO">Executing JavaScript:
window.scrollTo(0,500)
Without any arguments.</msg>
<arg>window.scrollTo(0,500)</arg>
<doc>Executes the given JavaScript code with possible arguments.</doc>
<status status="PASS" start="2026-03-28T12:40:58.673941" elapsed="0.014001"/>
</kw>
<kw name="Sleep" owner="BuiltIn">
<msg time="2026-03-28T12:41:00.700167" level="INFO">Slept 2 seconds.</msg>
<arg>2s</arg>
<doc>Pauses the test executed for the given time.</doc>
<status status="PASS" start="2026-03-28T12:40:58.688945" elapsed="2.011222"/>
</kw>
<kw name="Execute Javascript" owner="SeleniumLibrary">
<msg time="2026-03-28T12:41:00.701169" level="INFO">Executing JavaScript:
window.scrollBy(0,-500)
Without any arguments.</msg>
<arg>window.scrollBy(0,-500)</arg>
<doc>Executes the given JavaScript code with possible arguments.</doc>
<status status="PASS" start="2026-03-28T12:41:00.701169" elapsed="0.010002"/>
</kw>
<kw name="Sleep" owner="BuiltIn">
<msg time="2026-03-28T12:41:02.720259" level="INFO">Slept 2 seconds.</msg>
<arg>2s</arg>
<doc>Pauses the test executed for the given time.</doc>
<status status="PASS" start="2026-03-28T12:41:00.711171" elapsed="2.009088"/>
</kw>
<kw name="Close Browser" owner="SeleniumLibrary">
<doc>Closes the current browser.</doc>
<status status="PASS" start="2026-03-28T12:41:02.720259" elapsed="2.215136"/>
</kw>
<status status="PASS" start="2026-03-28T12:40:39.035395" elapsed="25.901009"/>
</test>
<status status="PASS" start="2026-03-28T12:40:38.642207" elapsed="26.295209"/>
</suite>
<statistics>
<total>
<stat pass="1" fail="0" skip="0">All Tests</stat>
</total>
<tag>
</tag>
<suite>
<stat name="Js Executor" id="s1" pass="1" fail="0" skip="0">Js Executor</stat>
</suite>
</statistics>
<errors>
</errors>
</robot>
