<?xml version="1.0" encoding="UTF-8"?>
<robot generator="Robot 7.4.2 (Python 3.10.0 on win32)" generated="2026-03-30T12:35:41.404469" rpa="false" schemaversion="5">
<suite id="s1" name="Wait" source="C:\Users\Pranjal Ameta\OneDrive\Desktop\Selenium&amp;Robot\Projects\Day13(30March)\Wait.robot">
<test id="s1-t1" name="implicit wait" line="8">
<kw name="Open Browser" owner="SeleniumLibrary">
<msg time="2026-03-30T12:35:41.876011" level="INFO">Opening browser 'chrome' to base url 'https://the-internet.herokuapp.com/'.</msg>
<arg>${url}</arg>
<arg>chrome</arg>
<doc>Opens a new browser instance to the optional ``url``.</doc>
<status status="PASS" start="2026-03-30T12:35:41.875025" elapsed="8.094313"/>
</kw>
<kw name="Get Selenium Implicit Wait" owner="SeleniumLibrary">
<msg time="2026-03-30T12:35:49.970336" level="INFO">${before} = 0 seconds</msg>
<var>${before}</var>
<doc>Gets the implicit wait value used by Selenium.</doc>
<status status="PASS" start="2026-03-30T12:35:49.970336" elapsed="0.000000"/>
</kw>
<kw name="Log To Console" owner="BuiltIn">
<arg>${before}</arg>
<doc>Logs the given message to the console.</doc>
<status status="PASS" start="2026-03-30T12:35:49.971339" elapsed="0.000996"/>
</kw>
<kw name="Set Selenium Implicit Wait" owner="SeleniumLibrary">
<arg>5s</arg>
<doc>Sets the implicit wait value used by Selenium.</doc>
<status status="PASS" start="2026-03-30T12:35:49.972335" elapsed="0.001999"/>
</kw>
<kw name="Get Selenium Implicit Wait" owner="SeleniumLibrary">
<msg time="2026-03-30T12:35:49.975334" level="INFO">${after} = 5 seconds</msg>
<var>${after}</var>
<doc>Gets the implicit wait value used by Selenium.</doc>
<status status="PASS" start="2026-03-30T12:35:49.975334" elapsed="0.000000"/>
</kw>
<kw name="Log To Console" owner="BuiltIn">
<arg>${after}</arg>
<doc>Logs the given message to the console.</doc>
<status status="PASS" start="2026-03-30T12:35:49.975334" elapsed="0.000998"/>
</kw>
<kw name="Close Browser" owner="SeleniumLibrary">
<doc>Closes the current browser.</doc>
<status status="PASS" start="2026-03-30T12:35:49.976332" elapsed="2.129597"/>
</kw>
<status status="PASS" start="2026-03-30T12:35:41.873024" elapsed="10.233897"/>
</test>
<status status="PASS" start="2026-03-30T12:35:41.407474" elapsed="10.700445"/>
</suite>
<statistics>
<total>
<stat pass="1" fail="0" skip="0">All Tests</stat>
</total>
<tag>
</tag>
<suite>
<stat name="Wait" id="s1" pass="1" fail="0" skip="0">Wait</stat>
</suite>
</statistics>
<errors>
</errors>
</robot>
