<?xml version="1.0" encoding="UTF-8"?>
<robot generator="Robot 7.4.2 (Python 3.10.0 on win32)" generated="2026-03-27T15:56:46.465901" rpa="false" schemaversion="5">
<suite id="s1" name="Day11(27March)" source="C:\Users\Pranjal Ameta\OneDrive\Desktop\Selenium&amp;Robot\Projects\Day11(27March)">
<suite id="s1-s1" name="Robot Start" source="C:\Users\Pranjal Ameta\OneDrive\Desktop\Selenium&amp;Robot\Projects\Day11(27March)\robot_start.robot">
<test id="s1-s1-t1" name="Opening browser with keyword" line="96">
<kw name="keyword he kehde">
<kw name="Open Browser" owner="SeleniumLibrary">
<msg time="2026-03-27T15:56:46.832518" level="INFO">Opening browser 'chrome' to base url 'https://www.youtube.com/'.</msg>
<arg>${url}</arg>
<arg>chrome</arg>
<doc>Opens a new browser instance to the optional ``url``.</doc>
<status status="PASS" start="2026-03-27T15:56:46.832518" elapsed="26.107549"/>
</kw>
<kw name="Maximize Browser Window" owner="SeleniumLibrary">
<doc>Maximizes current browser window.</doc>
<status status="PASS" start="2026-03-27T15:57:12.940067" elapsed="0.176921"/>
</kw>
<kw name="Log" owner="BuiltIn">
<msg time="2026-03-27T15:57:13.118974" level="INFO">navigated to youtube</msg>
<arg>navigated to youtube</arg>
<doc>Logs the given message with the given level.</doc>
<status status="PASS" start="2026-03-27T15:57:13.117983" elapsed="0.000991"/>
</kw>
<kw name="Log To Console" owner="BuiltIn">
<arg>level</arg>
<doc>Logs the given message to the console.</doc>
<status status="PASS" start="2026-03-27T15:57:13.118974" elapsed="0.001005"/>
</kw>
<kw name="Sleep" owner="BuiltIn">
<msg time="2026-03-27T15:57:17.127663" level="INFO">Slept 4 seconds.</msg>
<arg>4s</arg>
<doc>Pauses the test executed for the given time.</doc>
<status status="PASS" start="2026-03-27T15:57:13.119979" elapsed="4.007684"/>
</kw>
<kw name="Close Browser" owner="SeleniumLibrary">
<doc>Closes the current browser.</doc>
<status status="PASS" start="2026-03-27T15:57:17.127663" elapsed="2.219171"/>
</kw>
<doc>chrome browser navigating to https://www.youtube.com</doc>
<status status="PASS" start="2026-03-27T15:56:46.830513" elapsed="32.516321"/>
</kw>
<status status="PASS" start="2026-03-27T15:56:46.829519" elapsed="32.518325"/>
</test>
<doc>Opening of browsers</doc>
<status status="PASS" start="2026-03-27T15:56:46.520903" elapsed="32.827927"/>
</suite>
<status status="PASS" start="2026-03-27T15:56:46.468907" elapsed="32.881925"/>
</suite>
<statistics>
<total>
<stat pass="1" fail="0" skip="0">All Tests</stat>
</total>
<tag>
</tag>
<suite>
<stat name="Day11(27March)" id="s1" pass="1" fail="0" skip="0">Day11(27March)</stat>
<stat name="Robot Start" id="s1-s1" pass="1" fail="0" skip="0">Day11(27March).Robot Start</stat>
</suite>
</statistics>
<errors>
</errors>
</robot>
