<?xml version="1.0" encoding="UTF-8"?>
<robot generator="Robot 7.4.2 (Python 3.10.0 on win32)" generated="2026-03-28T11:19:29.677361" rpa="false" schemaversion="5">
<suite id="s1" name="Day12(28March)" source="C:\Users\Pranjal Ameta\OneDrive\Desktop\Selenium&amp;Robot\Projects\Day12(28March)">
<suite id="s1-s1" name="Drop down" source="C:\Users\Pranjal Ameta\OneDrive\Desktop\Selenium&amp;Robot\Projects\Day12(28March)\Drop_down.robot">
<test id="s1-s1-t1" name="Handling testautomationpractice" line="33">
<kw name="Open Browser" owner="SeleniumLibrary">
<msg time="2026-03-28T11:19:29.941150" level="INFO">Opening browser 'chrome' to base url 'https://testautomationpractice.blogspot.com/'.</msg>
<arg>${url1}</arg>
<arg>chrome</arg>
<doc>Opens a new browser instance to the optional ``url``.</doc>
<status status="PASS" start="2026-03-28T11:19:29.941150" elapsed="7.350049"/>
</kw>
<kw name="Maximize Browser Window" owner="SeleniumLibrary">
<doc>Maximizes current browser window.</doc>
<status status="PASS" start="2026-03-28T11:19:37.292201" elapsed="0.032032"/>
</kw>
<kw name="Page Should Contain List" owner="SeleniumLibrary">
<msg time="2026-03-28T11:19:37.353790" level="INFO">Current page contains list '//select[@id='colors']'.</msg>
<arg>//select[@id='colors']</arg>
<doc>Verifies selection list ``locator`` is found from current page.</doc>
<status status="PASS" start="2026-03-28T11:19:37.325227" elapsed="0.028563"/>
</kw>
<kw name="Scroll Element Into View" owner="SeleniumLibrary">
<arg>//select[@id='colors']</arg>
<doc>Scrolls the element identified by ``locator`` into view.</doc>
<status status="PASS" start="2026-03-28T11:19:37.354792" elapsed="0.310706"/>
</kw>
<kw name="Get List Items" owner="SeleniumLibrary">
<msg time="2026-03-28T11:19:37.787122" level="INFO">${option} = ['Red', 'Blue', 'Green', 'Yellow', 'Red', 'White', 'Green']</msg>
<var>${option}</var>
<arg>//select[@id='colors']</arg>
<doc>Returns all labels or values of selection list ``locator``.</doc>
<status status="PASS" start="2026-03-28T11:19:37.666509" elapsed="0.120613"/>
</kw>
<kw name="Log To Console" owner="BuiltIn">
<arg>${option}</arg>
<doc>Logs the given message to the console.</doc>
<status status="PASS" start="2026-03-28T11:19:37.788115" elapsed="0.001009"/>
</kw>
<kw name="Select From List By Label" owner="SeleniumLibrary">
<msg time="2026-03-28T11:19:37.790117" level="INFO">Selecting options from selection list '//select[@id='colors']' by labels Red, Blue.</msg>
<arg>//select[@id='colors']</arg>
<arg>Red</arg>
<arg>Blue</arg>
<doc>Selects options from selection list ``locator`` by ``labels``.</doc>
<status status="PASS" start="2026-03-28T11:19:37.790117" elapsed="0.320712"/>
</kw>
<kw name="Get Selected List Labels" owner="SeleniumLibrary">
<msg time="2026-03-28T11:19:38.250657" level="INFO">@{selected_opt} = [ Red | Blue | Red ]</msg>
<var>@{selected_opt}</var>
<arg>//select[@id='colors']</arg>
<doc>Returns labels of selected options from selection list ``locator``.</doc>
<status status="PASS" start="2026-03-28T11:19:38.111847" elapsed="0.138810"/>
</kw>
<kw name="Log To Console" owner="BuiltIn">
<arg>${selected_opt}</arg>
<doc>Logs the given message to the console.</doc>
<status status="PASS" start="2026-03-28T11:19:38.250657" elapsed="0.000979"/>
</kw>
<kw name="List Selection Should Be" owner="SeleniumLibrary">
<msg time="2026-03-28T11:19:38.252630" level="INFO">Verifying list '//select[@id='colors']' has option [ ['Red', 'Blue', 'Red'] ] selected.</msg>
<msg time="2026-03-28T11:19:38.269794" level="INFO">Current page contains list '//select[@id='colors']'.</msg>
<msg time="2026-03-28T11:19:38.597548" level="INFO" html="true">&lt;/td&gt;&lt;/tr&gt;&lt;tr&gt;&lt;td colspan="3"&gt;&lt;a href="selenium-screenshot-3.png"&gt;&lt;img src="selenium-screenshot-3.png" width="800px"&gt;&lt;/a&gt;</msg>
<msg time="2026-03-28T11:19:38.598554" level="FAIL">List '//select[@id='colors']' should have had selection [ ['Red', 'Blue', 'Red'] ] but selection was [ Red (red) | Blue (blue) | Red (red) ].</msg>
<arg>//select[@id='colors']</arg>
<arg>${selected_opt}</arg>
<doc>Verifies selection list ``locator`` has ``expected`` options selected.</doc>
<status status="FAIL" start="2026-03-28T11:19:38.252630" elapsed="0.347918">List '//select[@id='colors']' should have had selection [ ['Red', 'Blue', 'Red'] ] but selection was [ Red (red) | Blue (blue) | Red (red) ].</status>
</kw>
<kw name="Sleep" owner="BuiltIn">
<arg>3s</arg>
<doc>Pauses the test executed for the given time.</doc>
<status status="NOT RUN" start="2026-03-28T11:19:38.601543" elapsed="0.000000"/>
</kw>
<kw name="Close Browser" owner="SeleniumLibrary">
<doc>Closes the current browser.</doc>
<status status="NOT RUN" start="2026-03-28T11:19:38.602548" elapsed="0.000000"/>
</kw>
<doc>Handling colors</doc>
<status status="FAIL" start="2026-03-28T11:19:29.939150" elapsed="8.664398">List '//select[@id='colors']' should have had selection [ ['Red', 'Blue', 'Red'] ] but selection was [ Red (red) | Blue (blue) | Red (red) ].</status>
</test>
<doc>Handling dropdowns</doc>
<status status="FAIL" start="2026-03-28T11:19:29.718981" elapsed="8.886565"/>
</suite>
<status status="FAIL" start="2026-03-28T11:19:29.679367" elapsed="8.928183"/>
</suite>
<statistics>
<total>
<stat pass="0" fail="1" skip="0">All Tests</stat>
</total>
<tag>
</tag>
<suite>
<stat name="Day12(28March)" id="s1" pass="0" fail="1" skip="0">Day12(28March)</stat>
<stat name="Drop down" id="s1-s1" pass="0" fail="1" skip="0">Day12(28March).Drop down</stat>
</suite>
</statistics>
<errors>
</errors>
</robot>
