<?xml version="1.0" encoding="UTF-8"?>
<robot generator="Robot 7.4.2 (Python 3.10.0 on win32)" generated="2026-03-28T13:14:34.863223" rpa="false" schemaversion="5">
<suite id="s1" name="Js Executor" source="C:\Users\Pranjal Ameta\OneDrive\Desktop\Selenium&amp;Robot\Projects\Day12(28March)\js_executor.robot">
<test id="s1-t1" name="handling js" line="8">
<kw name="Open Browser" owner="SeleniumLibrary">
<msg time="2026-03-28T13:14:35.290575" level="INFO">Opening browser 'chrome' to base url 'https://inc.in/'.</msg>
<arg>${url}</arg>
<arg>chrome</arg>
<doc>Opens a new browser instance to the optional ``url``.</doc>
<status status="PASS" start="2026-03-28T13:14:35.289577" elapsed="11.024152"/>
</kw>
<kw name="Maximize Browser Window" owner="SeleniumLibrary">
<doc>Maximizes current browser window.</doc>
<status status="PASS" start="2026-03-28T13:14:46.314740" elapsed="0.177091"/>
</kw>
<kw name="Sleep" owner="BuiltIn">
<msg time="2026-03-28T13:14:48.504103" level="INFO">Slept 2 seconds.</msg>
<arg>2s</arg>
<doc>Pauses the test executed for the given time.</doc>
<status status="PASS" start="2026-03-28T13:14:46.492835" elapsed="2.011268"/>
</kw>
<kw name="Execute Javascript" owner="SeleniumLibrary">
<msg time="2026-03-28T13:14:48.505100" level="INFO">Executing JavaScript:
window.scrollTo(0,document.body.scrollHeight);
Without any arguments.</msg>
<arg>window.scrollTo(0,document.body.scrollHeight);</arg>
<doc>Executes the given JavaScript code with possible arguments.</doc>
<status status="PASS" start="2026-03-28T13:14:48.504103" elapsed="0.013990"/>
</kw>
<kw name="Sleep" owner="BuiltIn">
<msg time="2026-03-28T13:14:50.528619" level="INFO">Slept 2 seconds.</msg>
<arg>2s</arg>
<doc>Pauses the test executed for the given time.</doc>
<status status="PASS" start="2026-03-28T13:14:48.518093" elapsed="2.010526"/>
</kw>
<kw name="Execute Javascript" owner="SeleniumLibrary">
<msg time="2026-03-28T13:14:50.529641" level="INFO">Executing JavaScript:
window.scrollTo(0,0);
Without any arguments.</msg>
<arg>window.scrollTo(0,0);</arg>
<doc>Executes the given JavaScript code with possible arguments.</doc>
<status status="PASS" start="2026-03-28T13:14:50.528619" elapsed="0.012006"/>
</kw>
<kw name="Sleep" owner="BuiltIn">
<msg time="2026-03-28T13:14:52.547833" level="INFO">Slept 2 seconds.</msg>
<arg>2s</arg>
<doc>Pauses the test executed for the given time.</doc>
<status status="PASS" start="2026-03-28T13:14:50.540625" elapsed="2.007208"/>
</kw>
<kw name="Execute Javascript" owner="SeleniumLibrary">
<msg time="2026-03-28T13:14:52.548829" level="INFO">Executing JavaScript:
window.scrollTo(0,500)
Without any arguments.</msg>
<arg>window.scrollTo(0,500)</arg>
<doc>Executes the given JavaScript code with possible arguments.</doc>
<status status="PASS" start="2026-03-28T13:14:52.548829" elapsed="0.009508"/>
</kw>
<kw name="Sleep" owner="BuiltIn">
<msg time="2026-03-28T13:14:54.561376" level="INFO">Slept 2 seconds.</msg>
<arg>2s</arg>
<doc>Pauses the test executed for the given time.</doc>
<status status="PASS" start="2026-03-28T13:14:52.559336" elapsed="2.002040"/>
</kw>
<kw name="Execute Javascript" owner="SeleniumLibrary">
<msg time="2026-03-28T13:14:54.562377" level="INFO">Executing JavaScript:
window.scrollBy(0,-500)
Without any arguments.</msg>
<arg>window.scrollBy(0,-500)</arg>
<doc>Executes the given JavaScript code with possible arguments.</doc>
<status status="PASS" start="2026-03-28T13:14:54.562377" elapsed="0.007983"/>
</kw>
<kw name="Sleep" owner="BuiltIn">
<msg time="2026-03-28T13:14:56.577940" level="INFO">Slept 2 seconds.</msg>
<arg>2s</arg>
<doc>Pauses the test executed for the given time.</doc>
<status status="PASS" start="2026-03-28T13:14:54.571360" elapsed="2.006580"/>
</kw>
<kw name="Close Browser" owner="SeleniumLibrary">
<doc>Closes the current browser.</doc>
<status status="PASS" start="2026-03-28T13:14:56.578955" elapsed="2.193409"/>
</kw>
<status status="PASS" start="2026-03-28T13:14:35.288579" elapsed="23.484780"/>
</test>
<test id="s1-t2" name="Screenshots" line="28">
<kw name="Set Screenshot Directory" owner="SeleniumLibrary">
<arg>C:\\Users\\Pranjal Ameta\\OneDrive\\Desktop\\Selenium&amp;Robot\\Projects\\Day12(28March)/ScreenShots</arg>
<doc>Sets the directory for captured screenshots.</doc>
<status status="PASS" start="2026-03-28T13:14:58.775364" elapsed="0.000000"/>
</kw>
<kw name="Open Browser" owner="SeleniumLibrary">
<msg time="2026-03-28T13:14:58.776364" level="INFO">Opening browser 'chrome' to base url 'https://inc.in/'.</msg>
<arg>${url}</arg>
<arg>chrome</arg>
<doc>Opens a new browser instance to the optional ``url``.</doc>
<status status="PASS" start="2026-03-28T13:14:58.776364" elapsed="10.436244"/>
</kw>
<kw name="Maximize Browser Window" owner="SeleniumLibrary">
<doc>Maximizes current browser window.</doc>
<status status="PASS" start="2026-03-28T13:15:09.212608" elapsed="0.174551"/>
</kw>
<kw name="Sleep" owner="BuiltIn">
<msg time="2026-03-28T13:15:11.395426" level="INFO">Slept 2 seconds.</msg>
<arg>2s</arg>
<doc>Pauses the test executed for the given time.</doc>
<status status="PASS" start="2026-03-28T13:15:09.388675" elapsed="2.006751"/>
</kw>
<kw name="Capture Page Screenshot" owner="SeleniumLibrary">
<msg time="2026-03-28T13:15:11.718031" level="INFO" html="true">&lt;/td&gt;&lt;/tr&gt;&lt;tr&gt;&lt;td colspan="3"&gt;&lt;a href="../ScreenShots/fullPage.png"&gt;&lt;img src="../ScreenShots/fullPage.png" width="800px"&gt;&lt;/a&gt;</msg>
<arg>fullPage.png</arg>
<doc>Takes a screenshot of the current page and embeds it into a log file.</doc>
<status status="PASS" start="2026-03-28T13:15:11.395426" elapsed="0.322605"/>
</kw>
<kw name="Sleep" owner="BuiltIn">
<msg time="2026-03-28T13:15:13.732142" level="INFO">Slept 2 seconds.</msg>
<arg>2s</arg>
<doc>Pauses the test executed for the given time.</doc>
<status status="PASS" start="2026-03-28T13:15:11.718031" elapsed="2.014111"/>
</kw>
<kw name="Capture Element Screenshot" owner="SeleniumLibrary">
<msg time="2026-03-28T13:15:13.846709" level="INFO" html="true">&lt;/td&gt;&lt;/tr&gt;&lt;tr&gt;&lt;td colspan="3"&gt;&lt;a href="../ScreenShots/achieve.png"&gt;&lt;img src="../ScreenShots/achieve.png" width="400px"&gt;&lt;/a&gt;</msg>
<arg>//span[text()='Our Achievements']</arg>
<arg>achieve.png</arg>
<doc>Captures a screenshot from the element identified by ``locator`` and embeds it into log file.</doc>
<status status="PASS" start="2026-03-28T13:15:13.732142" elapsed="0.114567"/>
</kw>
<kw name="Sleep" owner="BuiltIn">
<msg time="2026-03-28T13:15:15.863484" level="INFO">Slept 2 seconds.</msg>
<arg>2s</arg>
<doc>Pauses the test executed for the given time.</doc>
<status status="PASS" start="2026-03-28T13:15:13.847705" elapsed="2.015779"/>
</kw>
<kw name="Close Browser" owner="SeleniumLibrary">
<doc>Closes the current browser.</doc>
<status status="PASS" start="2026-03-28T13:15:15.863484" elapsed="2.191019"/>
</kw>
<tag>smoke</tag>
<status status="PASS" start="2026-03-28T13:14:58.774360" elapsed="19.281136"/>
</test>
<status status="PASS" start="2026-03-28T13:14:34.866214" elapsed="43.190288"/>
</suite>
<statistics>
<total>
<stat pass="2" fail="0" skip="0">All Tests</stat>
</total>
<tag>
<stat pass="1" fail="0" skip="0">smoke</stat>
</tag>
<suite>
<stat name="Js Executor" id="s1" pass="2" fail="0" skip="0">Js Executor</stat>
</suite>
</statistics>
<errors>
</errors>
</robot>
