<?xml version="1.0" encoding="UTF-8"?>
<robot generator="Robot 7.4.2 (Python 3.10.0 on win32)" generated="2026-03-30T10:41:00.672331" rpa="false" schemaversion="5">
<suite id="s1" name="Window Handles" source="C:\Users\Pranjal Ameta\OneDrive\Desktop\Selenium&amp;Robot\Projects\Day13(30March)\window_handles.robot">
<test id="s1-t1" name="Handling windows" line="8">
<kw name="Open Browser" owner="SeleniumLibrary">
<msg time="2026-03-30T10:41:01.022501" level="INFO">Opening browser 'chrome' to base url 'https://the-internet.herokuapp.com/windows'.</msg>
<arg>${url}</arg>
<arg>chrome</arg>
<doc>Opens a new browser instance to the optional ``url``.</doc>
<status status="PASS" start="2026-03-30T10:41:01.022501" elapsed="6.846159"/>
</kw>
<kw name="Maximize Browser Window" owner="SeleniumLibrary">
<doc>Maximizes current browser window.</doc>
<status status="PASS" start="2026-03-30T10:41:07.869662" elapsed="0.046996"/>
</kw>
<kw name="Sleep" owner="BuiltIn">
<msg time="2026-03-30T10:41:09.924586" level="INFO">Slept 2 seconds.</msg>
<arg>2s</arg>
<doc>Pauses the test executed for the given time.</doc>
<status status="PASS" start="2026-03-30T10:41:07.916658" elapsed="2.007928"/>
</kw>
<kw name="Click Element" owner="SeleniumLibrary">
<msg time="2026-03-30T10:41:09.926553" level="INFO">Clicking element '//a[@href='/windows/new']'.</msg>
<arg>//a[@href='/windows/new']</arg>
<doc>Click the element identified by ``locator``.</doc>
<status status="PASS" start="2026-03-30T10:41:09.925557" elapsed="0.177686"/>
</kw>
<kw name="Sleep" owner="BuiltIn">
<msg time="2026-03-30T10:41:12.109918" level="INFO">Slept 2 seconds.</msg>
<arg>2s</arg>
<doc>Pauses the test executed for the given time.</doc>
<status status="PASS" start="2026-03-30T10:41:10.104243" elapsed="2.005675"/>
</kw>
<kw name="Get Window Handles" owner="SeleniumLibrary">
<msg time="2026-03-30T10:41:12.119890" level="INFO">@{windows} = [ 88125A9BB21E5D831E9E93ED2B6DA95A | 54AE2605720B6BC337820F6E00227E0E ]</msg>
<var>@{windows}</var>
<doc>Returns all child window handles of the selected browser as a list.</doc>
<status status="PASS" start="2026-03-30T10:41:12.111883" elapsed="0.008007"/>
</kw>
<kw name="Get Window Titles" owner="SeleniumLibrary">
<msg time="2026-03-30T10:41:12.278367" level="INFO">Altogether 2 items.
1: The Internet
2: New Window</msg>
<msg time="2026-03-30T10:41:12.279378" level="INFO">@{titles} = [ The Internet | New Window ]</msg>
<var>@{titles}</var>
<doc>Returns and logs titles of all windows of the selected browser.</doc>
<status status="PASS" start="2026-03-30T10:41:12.119890" elapsed="0.159488"/>
</kw>
<kw name="Log To Console" owner="BuiltIn">
<arg>${titles}</arg>
<doc>Logs the given message to the console.</doc>
<status status="PASS" start="2026-03-30T10:41:12.279378" elapsed="0.001513"/>
</kw>
<kw name="Switch Window" owner="SeleniumLibrary">
<arg>NEW</arg>
<doc>Switches to browser window matching ``locator``.</doc>
<status status="PASS" start="2026-03-30T10:41:12.280891" elapsed="0.034047"/>
</kw>
<kw name="Page Should Contain" owner="SeleniumLibrary">
<msg time="2026-03-30T10:41:12.340915" level="INFO">Current page contains text 'New Window'.</msg>
<arg>New Window</arg>
<doc>Verifies that current page contains ``text``.</doc>
<status status="PASS" start="2026-03-30T10:41:12.314938" elapsed="0.025977"/>
</kw>
<kw name="Switch Window" owner="SeleniumLibrary">
<arg>${windows}[0]</arg>
<doc>Switches to browser window matching ``locator``.</doc>
<status status="PASS" start="2026-03-30T10:41:12.340915" elapsed="0.031009"/>
</kw>
<kw name="Sleep" owner="BuiltIn">
<msg time="2026-03-30T10:41:14.375689" level="INFO">Slept 2 seconds.</msg>
<arg>2s</arg>
<doc>Pauses the test executed for the given time.</doc>
<status status="PASS" start="2026-03-30T10:41:12.372915" elapsed="2.002774"/>
</kw>
<kw name="Close Window" owner="SeleniumLibrary">
<doc>Closes currently opened and selected browser window/tab.</doc>
<status status="PASS" start="2026-03-30T10:41:14.376676" elapsed="0.064562"/>
</kw>
<kw name="Close Browser" owner="SeleniumLibrary">
<doc>Closes the current browser.</doc>
<status status="PASS" start="2026-03-30T10:41:14.442219" elapsed="2.198191"/>
</kw>
<status status="PASS" start="2026-03-30T10:41:01.020517" elapsed="15.620851"/>
</test>
<status status="PASS" start="2026-03-30T10:41:00.676316" elapsed="15.966069"/>
</suite>
<statistics>
<total>
<stat pass="1" fail="0" skip="0">All Tests</stat>
</total>
<tag>
</tag>
<suite>
<stat name="Window Handles" id="s1" pass="1" fail="0" skip="0">Window Handles</stat>
</suite>
</statistics>
<errors>
</errors>
</robot>
